[0.015s] Invoking command in '/home/jetson/ros_ws/src/orin_car/build/orin_car': CMAKE_PREFIX_PATH=${CMAKE_PREFIX_PATH}:/opt/ros/humble /usr/bin/cmake /home/jetson/ros_ws/src/orin_car -DAMENT_CMAKE_SYMLINK_INSTALL=1 -DCMAKE_INSTALL_PREFIX=/home/jetson/ros_ws/src/orin_car/install/orin_car
[0.105s] -- The C compiler identification is GNU 11.4.0
[0.240s] -- The CXX compiler identification is GNU 11.4.0
[0.266s] -- Detecting C compiler ABI info
[0.432s] -- Detecting C compiler ABI info - done
[0.457s] -- Check for working C compiler: /usr/bin/cc - skipped
[0.459s] -- Detecting C compile features
[0.460s] -- Detecting C compile features - done
[0.473s] -- Detecting CXX compiler ABI info
[0.660s] -- Detecting CXX compiler ABI info - done
[0.687s] -- Check for working CXX compiler: /usr/bin/c++ - skipped
[0.688s] -- Detecting CXX compile features
[0.690s] -- Detecting CXX compile features - done
[0.702s] -- Found ament_cmake: 1.3.12 (/opt/ros/humble/share/ament_cmake/cmake)
[1.455s] -- Found Python3: /usr/bin/python3 (found version "3.10.12") found components: Interpreter 
[1.592s] -- Override CMake install command with custom implementation using symlinks instead of copying resources
[1.686s] -- Found rclcpp: 16.0.17 (/opt/ros/humble/share/rclcpp/cmake)
[1.778s] -- Found rosidl_generator_c: 3.1.8 (/opt/ros/humble/share/rosidl_generator_c/cmake)
[1.786s] -- Found rosidl_adapter: 3.1.8 (/opt/ros/humble/share/rosidl_adapter/cmake)
[1.800s] -- Found rosidl_generator_cpp: 3.1.8 (/opt/ros/humble/share/rosidl_generator_cpp/cmake)
[1.820s] -- Using all available rosidl_typesupport_c: rosidl_typesupport_fastrtps_c;rosidl_typesupport_introspection_c
[1.846s] -- Using all available rosidl_typesupport_cpp: rosidl_typesupport_fastrtps_cpp;rosidl_typesupport_introspection_cpp
[1.918s] -- Found rmw_implementation_cmake: 6.1.2 (/opt/ros/humble/share/rmw_implementation_cmake/cmake)
[1.922s] -- Found rmw_fastrtps_cpp: 6.2.9 (/opt/ros/humble/share/rmw_fastrtps_cpp/cmake)
[2.055s] -- Found OpenSSL: /usr/lib/aarch64-linux-gnu/libcrypto.so (found version "3.0.2")  
[2.108s] -- Found FastRTPS: /opt/ros/humble/include  
[2.174s] -- Using RMW implementation 'rmw_fastrtps_cpp' as default
[2.188s] -- Looking for pthread.h
[2.327s] -- Looking for pthread.h - found
[2.328s] -- Performing Test CMAKE_HAVE_LIBC_PTHREAD
[2.479s] -- Performing Test CMAKE_HAVE_LIBC_PTHREAD - Success
[2.481s] -- Found Threads: TRUE  
[2.605s] -- Found rclpy: 3.3.19 (/opt/ros/humble/share/rclpy/cmake)
[2.735s] -- Configuring done
[2.744s] -- Generating done
[2.748s] -- Build files have been written to: /home/jetson/ros_ws/src/orin_car/build/orin_car
[2.770s] Invoked command in '/home/jetson/ros_ws/src/orin_car/build/orin_car' returned '0': CMAKE_PREFIX_PATH=${CMAKE_PREFIX_PATH}:/opt/ros/humble /usr/bin/cmake /home/jetson/ros_ws/src/orin_car -DAMENT_CMAKE_SYMLINK_INSTALL=1 -DCMAKE_INSTALL_PREFIX=/home/jetson/ros_ws/src/orin_car/install/orin_car
[2.773s] Invoking command in '/home/jetson/ros_ws/src/orin_car/build/orin_car': CMAKE_PREFIX_PATH=${CMAKE_PREFIX_PATH}:/opt/ros/humble /usr/bin/cmake --build /home/jetson/ros_ws/src/orin_car/build/orin_car -- -j6 -l6
[2.858s] Invoked command in '/home/jetson/ros_ws/src/orin_car/build/orin_car' returned '0': CMAKE_PREFIX_PATH=${CMAKE_PREFIX_PATH}:/opt/ros/humble /usr/bin/cmake --build /home/jetson/ros_ws/src/orin_car/build/orin_car -- -j6 -l6
[2.887s] Invoking command in '/home/jetson/ros_ws/src/orin_car/build/orin_car': CMAKE_PREFIX_PATH=${CMAKE_PREFIX_PATH}:/opt/ros/humble /usr/bin/cmake --install /home/jetson/ros_ws/src/orin_car/build/orin_car
[2.911s] -- Install configuration: ""
[2.912s] -- Execute custom install script
[2.913s] -- Symlinking: /home/jetson/ros_ws/src/orin_car/install/orin_car/lib/orin_car/ackermann_driver.py
[2.933s] -- Symlinking: /home/jetson/ros_ws/src/orin_car/install/orin_car/lib/orin_car/mqtt_nav_bridge_ssafy.py
[2.952s] -- Symlinking: /home/jetson/ros_ws/src/orin_car/install/orin_car/lib/orin_car/mqtt_path_follower.py
[2.971s] -- Symlinking: /home/jetson/ros_ws/src/orin_car/install/orin_car/lib/orin_car/docking_ai.py
[2.990s] -- Symlinking: /home/jetson/ros_ws/src/orin_car/install/orin_car/lib/orin_car/docking_controller.py
[3.010s] -- Symlinking: /home/jetson/ros_ws/src/orin_car/install/orin_car/share/orin_car/launch/docking_test_launch.py
[3.030s] -- Symlinking: /home/jetson/ros_ws/src/orin_car/install/orin_car/share/orin_car/launch/final_launch.py
[3.050s] -- Symlinking: /home/jetson/ros_ws/src/orin_car/install/orin_car/share/orin_car/launch/nav_launch.py
[3.071s] -- Symlinking: /home/jetson/ros_ws/src/orin_car/install/orin_car/share/orin_car/launch/simul_nav_launch.py
[3.090s] -- Symlinking: /home/jetson/ros_ws/src/orin_car/install/orin_car/share/orin_car/launch/slam_launch.py
[3.109s] -- Symlinking: /home/jetson/ros_ws/src/orin_car/install/orin_car/share/orin_car/launch/slam_test_launch.py
[3.129s] -- Symlinking: /home/jetson/ros_ws/src/orin_car/install/orin_car/share/orin_car/launch/trailer_nav_launch.py
[3.149s] -- Symlinking: /home/jetson/ros_ws/src/orin_car/install/orin_car/share/orin_car/config/X4-Pro.yaml
[3.168s] -- Symlinking: /home/jetson/ros_ws/src/orin_car/install/orin_car/share/orin_car/config/nav2_params.yaml
[3.187s] -- Symlinking: /home/jetson/ros_ws/src/orin_car/install/orin_car/share/orin_car/config/slam_params.yaml
[3.207s] -- Symlinking: /home/jetson/ros_ws/src/orin_car/install/orin_car/share/orin_car/urdf/ackermann_car.urdf.xacro
[3.226s] -- Symlinking: /home/jetson/ros_ws/src/orin_car/install/orin_car/share/ament_index/resource_index/package_run_dependencies/orin_car
[3.246s] -- Symlinking: /home/jetson/ros_ws/src/orin_car/install/orin_car/share/ament_index/resource_index/parent_prefix_path/orin_car
[3.266s] -- Symlinking: /home/jetson/ros_ws/src/orin_car/install/orin_car/share/orin_car/environment/ament_prefix_path.sh
[3.285s] -- Symlinking: /home/jetson/ros_ws/src/orin_car/install/orin_car/share/orin_car/environment/ament_prefix_path.dsv
[3.305s] -- Symlinking: /home/jetson/ros_ws/src/orin_car/install/orin_car/share/orin_car/environment/path.sh
[3.324s] -- Symlinking: /home/jetson/ros_ws/src/orin_car/install/orin_car/share/orin_car/environment/path.dsv
[3.345s] -- Symlinking: /home/jetson/ros_ws/src/orin_car/install/orin_car/share/orin_car/local_setup.bash
[3.364s] -- Symlinking: /home/jetson/ros_ws/src/orin_car/install/orin_car/share/orin_car/local_setup.sh
[3.384s] -- Symlinking: /home/jetson/ros_ws/src/orin_car/install/orin_car/share/orin_car/local_setup.zsh
[3.403s] -- Symlinking: /home/jetson/ros_ws/src/orin_car/install/orin_car/share/orin_car/local_setup.dsv
[3.423s] -- Symlinking: /home/jetson/ros_ws/src/orin_car/install/orin_car/share/orin_car/package.dsv
[3.442s] -- Symlinking: /home/jetson/ros_ws/src/orin_car/install/orin_car/share/ament_index/resource_index/packages/orin_car
[3.462s] -- Symlinking: /home/jetson/ros_ws/src/orin_car/install/orin_car/share/orin_car/cmake/orin_carConfig.cmake
[3.481s] -- Symlinking: /home/jetson/ros_ws/src/orin_car/install/orin_car/share/orin_car/cmake/orin_carConfig-version.cmake
[3.500s] -- Symlinking: /home/jetson/ros_ws/src/orin_car/install/orin_car/share/orin_car/package.xml
[3.526s] Invoked command in '/home/jetson/ros_ws/src/orin_car/build/orin_car' returned '0': CMAKE_PREFIX_PATH=${CMAKE_PREFIX_PATH}:/opt/ros/humble /usr/bin/cmake --install /home/jetson/ros_ws/src/orin_car/build/orin_car
