-- The C compiler identification is GNU 11.4.0
-- The CXX compiler identification is GNU 11.4.0
-- Detecting C compiler ABI info
-- Detecting C compiler ABI info - done
-- Check for working C compiler: /usr/bin/cc - skipped
-- Detecting C compile features
-- Detecting C compile features - done
-- Detecting CXX compiler ABI info
-- Detecting CXX compiler ABI info - done
-- Check for working CXX compiler: /usr/bin/c++ - skipped
-- Detecting CXX compile features
-- Detecting CXX compile features - done
-- Found ament_cmake: 1.3.12 (/opt/ros/humble/share/ament_cmake/cmake)
-- Found Python3: /usr/bin/python3 (found version "3.10.12") found components: Interpreter 
-- Override CMake install command with custom implementation using symlinks instead of copying resources
-- Found rclcpp: 16.0.17 (/opt/ros/humble/share/rclcpp/cmake)
-- Found rosidl_generator_c: 3.1.8 (/opt/ros/humble/share/rosidl_generator_c/cmake)
-- Found rosidl_adapter: 3.1.8 (/opt/ros/humble/share/rosidl_adapter/cmake)
-- Found rosidl_generator_cpp: 3.1.8 (/opt/ros/humble/share/rosidl_generator_cpp/cmake)
-- Using all available rosidl_typesupport_c: rosidl_typesupport_fastrtps_c;rosidl_typesupport_introspection_c
-- Using all available rosidl_typesupport_cpp: rosidl_typesupport_fastrtps_cpp;rosidl_typesupport_introspection_cpp
-- Found rmw_implementation_cmake: 6.1.2 (/opt/ros/humble/share/rmw_implementation_cmake/cmake)
-- Found rmw_cyclonedds_cpp: 1.3.4 (/opt/ros/humble/share/rmw_cyclonedds_cpp/cmake)
-- Using RMW implementation 'rmw_cyclonedds_cpp' as default
-- Looking for pthread.h
-- Looking for pthread.h - found
-- Performing Test CMAKE_HAVE_LIBC_PTHREAD
-- Performing Test CMAKE_HAVE_LIBC_PTHREAD - Success
-- Found Threads: TRUE  
-- Found rclpy: 3.3.19 (/opt/ros/humble/share/rclpy/cmake)
-- Configuring done
-- Generating done
-- Build files have been written to: /home/jetson/ros_ws/src/orin_car/build/orin_car
Built target ament_cmake_python_symlink_orin_car
running egg_info
creating orin_car.egg-info
writing orin_car.egg-info/PKG-INFO
writing dependency_links to orin_car.egg-info/dependency_links.txt
writing top-level names to orin_car.egg-info/top_level.txt
writing manifest file 'orin_car.egg-info/SOURCES.txt'
reading manifest file 'orin_car.egg-info/SOURCES.txt'
writing manifest file 'orin_car.egg-info/SOURCES.txt'
Built target ament_cmake_python_build_orin_car_egg
-- Install configuration: ""
-- Execute custom install script
-- Symlinking: /home/jetson/ros_ws/src/orin_car/install/orin_car/lib/orin_car/mqtt_total_control_test.py
-- Symlinking: /home/jetson/ros_ws/src/orin_car/install/orin_car/lib/orin_car/docking_controller_test.py
-- Symlinking: /home/jetson/ros_ws/src/orin_car/install/orin_car/lib/orin_car/docking_controller_test_v2.py
-- Symlinking: /home/jetson/ros_ws/src/orin_car/install/orin_car/lib/orin_car/marshaller_controller_test.py
-- Symlinking: /home/jetson/ros_ws/src/orin_car/install/orin_car/lib/orin_car/driving_controller_test.py
-- Symlinking: /home/jetson/ros_ws/src/orin_car/install/orin_car/lib/orin_car/ackermann_driver_test.py
-- Symlinking: /home/jetson/ros_ws/src/orin_car/install/orin_car/lib/orin_car/docking_ai_test.py
-- Symlinking: /home/jetson/ros_ws/src/orin_car/install/orin_car/lib/orin_car/docking_ai_test_v2.py
-- Symlinking: /home/jetson/ros_ws/src/orin_car/install/orin_car/lib/orin_car/gesture_ai_test.py
-- Symlinking: /home/jetson/ros_ws/src/orin_car/install/orin_car/lib/orin_car/generate_nav2_json.py
-- Symlinking: /home/jetson/ros_ws/src/orin_car/install/orin_car/lib/orin_car/test_gripper.py
-- Symlinking: /home/jetson/ros_ws/src/orin_car/install/orin_car/lib/orin_car/motor_test.py
-- Symlinking: /home/jetson/ros_ws/src/orin_car/install/orin_car/share/orin_car/launch/nav.launch.py
-- Symlinking: /home/jetson/ros_ws/src/orin_car/install/orin_car/share/orin_car/launch/test_docking.launch.py
-- Symlinking: /home/jetson/ros_ws/src/orin_car/install/orin_car/share/orin_car/launch/total_test.launch.py
-- Symlinking: /home/jetson/ros_ws/src/orin_car/install/orin_car/share/orin_car/config/=0.1.71
-- Symlinking: /home/jetson/ros_ws/src/orin_car/install/orin_car/share/orin_car/config/=1.12.0
-- Symlinking: /home/jetson/ros_ws/src/orin_car/install/orin_car/share/orin_car/config/X4-Pro.yaml
-- Symlinking: /home/jetson/ros_ws/src/orin_car/install/orin_car/share/orin_car/config/nav2_params.yaml
-- Symlinking: /home/jetson/ros_ws/src/orin_car/install/orin_car/share/orin_car/config/nav2_params2.yaml
-- Symlinking: /home/jetson/ros_ws/src/orin_car/install/orin_car/share/orin_car/config/slam_params.yaml
-- Symlinking: /home/jetson/ros_ws/src/orin_car/install/orin_car/share/orin_car/config/yolov8n-pose.engine
-- Symlinking: /home/jetson/ros_ws/src/orin_car/install/orin_car/share/orin_car/config/yolov8n-pose.onnx
-- Symlinking: /home/jetson/ros_ws/src/orin_car/install/orin_car/share/orin_car/config/yolov8n-pose.pt
-- Symlinking: /home/jetson/ros_ws/src/orin_car/install/orin_car/share/orin_car/urdf/ackermann_car.urdf.xacro
-- Symlinking: /home/jetson/ros_ws/src/orin_car/install/orin_car/share/orin_car/environment/pythonpath.sh
-- Symlinking: /home/jetson/ros_ws/src/orin_car/install/orin_car/share/orin_car/environment/pythonpath.dsv
-- Symlinking: /home/jetson/ros_ws/src/orin_car/install/orin_car/local/lib/python3.10/dist-packages/orin_car-0.0.1-py3.10.egg-info/PKG-INFO
-- Symlinking: /home/jetson/ros_ws/src/orin_car/install/orin_car/local/lib/python3.10/dist-packages/orin_car-0.0.1-py3.10.egg-info/SOURCES.txt
-- Symlinking: /home/jetson/ros_ws/src/orin_car/install/orin_car/local/lib/python3.10/dist-packages/orin_car-0.0.1-py3.10.egg-info/dependency_links.txt
-- Symlinking: /home/jetson/ros_ws/src/orin_car/install/orin_car/local/lib/python3.10/dist-packages/orin_car-0.0.1-py3.10.egg-info/top_level.txt
-- Symlinking: /home/jetson/ros_ws/src/orin_car/install/orin_car/local/lib/python3.10/dist-packages/orin_car/__init__.py
-- Symlinking: /home/jetson/ros_ws/src/orin_car/install/orin_car/local/lib/python3.10/dist-packages/orin_car/videos/__init__.py
-- Symlinking: /home/jetson/ros_ws/src/orin_car/install/orin_car/local/lib/python3.10/dist-packages/orin_car/videos/camera_manager.py
-- Symlinking: /home/jetson/ros_ws/src/orin_car/install/orin_car/local/lib/python3.10/dist-packages/orin_car/videos/webrtc_sharedcam.py
-- Symlinking: /home/jetson/ros_ws/src/orin_car/install/orin_car/share/ament_index/resource_index/package_run_dependencies/orin_car
-- Symlinking: /home/jetson/ros_ws/src/orin_car/install/orin_car/share/ament_index/resource_index/parent_prefix_path/orin_car
-- Symlinking: /home/jetson/ros_ws/src/orin_car/install/orin_car/share/orin_car/environment/ament_prefix_path.sh
-- Symlinking: /home/jetson/ros_ws/src/orin_car/install/orin_car/share/orin_car/environment/ament_prefix_path.dsv
-- Symlinking: /home/jetson/ros_ws/src/orin_car/install/orin_car/share/orin_car/environment/path.sh
-- Symlinking: /home/jetson/ros_ws/src/orin_car/install/orin_car/share/orin_car/environment/path.dsv
-- Symlinking: /home/jetson/ros_ws/src/orin_car/install/orin_car/share/orin_car/local_setup.bash
-- Symlinking: /home/jetson/ros_ws/src/orin_car/install/orin_car/share/orin_car/local_setup.sh
-- Symlinking: /home/jetson/ros_ws/src/orin_car/install/orin_car/share/orin_car/local_setup.zsh
-- Symlinking: /home/jetson/ros_ws/src/orin_car/install/orin_car/share/orin_car/local_setup.dsv
-- Symlinking: /home/jetson/ros_ws/src/orin_car/install/orin_car/share/orin_car/package.dsv
-- Symlinking: /home/jetson/ros_ws/src/orin_car/install/orin_car/share/ament_index/resource_index/packages/orin_car
-- Symlinking: /home/jetson/ros_ws/src/orin_car/install/orin_car/share/orin_car/cmake/orin_carConfig.cmake
-- Symlinking: /home/jetson/ros_ws/src/orin_car/install/orin_car/share/orin_car/cmake/orin_carConfig-version.cmake
-- Symlinking: /home/jetson/ros_ws/src/orin_car/install/orin_car/share/orin_car/package.xml
-- Installing: /home/jetson/ros_ws/src/orin_car/install/orin_car/lib/orin_car/video_stack
Listing '/home/jetson/ros_ws/src/orin_car/install/orin_car/local/lib/python3.10/dist-packages/orin_car'...
Compiling '/home/jetson/ros_ws/src/orin_car/install/orin_car/local/lib/python3.10/dist-packages/orin_car/__init__.py'...
Listing '/home/jetson/ros_ws/src/orin_car/install/orin_car/local/lib/python3.10/dist-packages/orin_car/videos'...
Compiling '/home/jetson/ros_ws/src/orin_car/install/orin_car/local/lib/python3.10/dist-packages/orin_car/videos/__init__.py'...
Compiling '/home/jetson/ros_ws/src/orin_car/install/orin_car/local/lib/python3.10/dist-packages/orin_car/videos/camera_manager.py'...
Compiling '/home/jetson/ros_ws/src/orin_car/install/orin_car/local/lib/python3.10/dist-packages/orin_car/videos/webrtc_sharedcam.py'...
