[0.015s] Invoking command in '/home/jetson/ros_ws/src/orin_car/build/orin_car': CMAKE_PREFIX_PATH=${CMAKE_PREFIX_PATH}:/opt/ros/humble /usr/bin/cmake /home/jetson/ros_ws/src/orin_car -DAMENT_CMAKE_SYMLINK_INSTALL=1 -DCMAKE_INSTALL_PREFIX=/home/jetson/ros_ws/src/orin_car/install/orin_car
[0.624s] -- The C compiler identification is GNU 11.4.0
[1.108s] -- The CXX compiler identification is GNU 11.4.0
[1.147s] -- Detecting C compiler ABI info
[1.321s] -- Detecting C compiler ABI info - done
[1.349s] -- Check for working C compiler: /usr/bin/cc - skipped
[1.356s] -- Detecting C compile features
[1.358s] -- Detecting C compile features - done
[1.375s] -- Detecting CXX compiler ABI info
[1.577s] -- Detecting CXX compiler ABI info - done
[1.603s] -- Check for working CXX compiler: /usr/bin/c++ - skipped
[1.604s] -- Detecting CXX compile features
[1.605s] -- Detecting CXX compile features - done
[1.625s] -- Found ament_cmake: 1.3.12 (/opt/ros/humble/share/ament_cmake/cmake)
[2.391s] -- Found Python3: /usr/bin/python3 (found version "3.10.12") found components: Interpreter 
[2.576s] -- Override CMake install command with custom implementation using symlinks instead of copying resources
[2.728s] -- Found rclcpp: 16.0.17 (/opt/ros/humble/share/rclcpp/cmake)
[2.913s] -- Found rosidl_generator_c: 3.1.8 (/opt/ros/humble/share/rosidl_generator_c/cmake)
[2.931s] -- Found rosidl_adapter: 3.1.8 (/opt/ros/humble/share/rosidl_adapter/cmake)
[2.966s] -- Found rosidl_generator_cpp: 3.1.8 (/opt/ros/humble/share/rosidl_generator_cpp/cmake)
[3.009s] -- Using all available rosidl_typesupport_c: rosidl_typesupport_fastrtps_c;rosidl_typesupport_introspection_c
[3.059s] -- Using all available rosidl_typesupport_cpp: rosidl_typesupport_fastrtps_cpp;rosidl_typesupport_introspection_cpp
[3.195s] -- Found rmw_implementation_cmake: 6.1.2 (/opt/ros/humble/share/rmw_implementation_cmake/cmake)
[3.204s] -- Found rmw_cyclonedds_cpp: 1.3.4 (/opt/ros/humble/share/rmw_cyclonedds_cpp/cmake)
[3.267s] -- Using RMW implementation 'rmw_cyclonedds_cpp' as default
[3.290s] -- Looking for pthread.h
[3.473s] -- Looking for pthread.h - found
[3.473s] -- Performing Test CMAKE_HAVE_LIBC_PTHREAD
[3.661s] -- Performing Test CMAKE_HAVE_LIBC_PTHREAD - Success
[3.663s] -- Found Threads: TRUE  
[3.923s] -- Found rclpy: 3.3.19 (/opt/ros/humble/share/rclpy/cmake)
[4.271s] -- Configuring done
[4.304s] -- Generating done
[4.314s] -- Build files have been written to: /home/jetson/ros_ws/src/orin_car/build/orin_car
[4.349s] Invoked command in '/home/jetson/ros_ws/src/orin_car/build/orin_car' returned '0': CMAKE_PREFIX_PATH=${CMAKE_PREFIX_PATH}:/opt/ros/humble /usr/bin/cmake /home/jetson/ros_ws/src/orin_car -DAMENT_CMAKE_SYMLINK_INSTALL=1 -DCMAKE_INSTALL_PREFIX=/home/jetson/ros_ws/src/orin_car/install/orin_car
[4.353s] Invoking command in '/home/jetson/ros_ws/src/orin_car/build/orin_car': CMAKE_PREFIX_PATH=${CMAKE_PREFIX_PATH}:/opt/ros/humble /usr/bin/cmake --build /home/jetson/ros_ws/src/orin_car/build/orin_car -- -j6 -l6
[4.499s] Built target ament_cmake_python_symlink_orin_car
[4.919s] running egg_info
[4.950s] creating orin_car.egg-info
[4.951s] writing orin_car.egg-info/PKG-INFO
[4.952s] writing dependency_links to orin_car.egg-info/dependency_links.txt
[4.952s] writing top-level names to orin_car.egg-info/top_level.txt
[4.952s] writing manifest file 'orin_car.egg-info/SOURCES.txt'
[5.047s] reading manifest file 'orin_car.egg-info/SOURCES.txt'
[5.049s] writing manifest file 'orin_car.egg-info/SOURCES.txt'
[5.132s] Built target ament_cmake_python_build_orin_car_egg
[5.169s] Invoked command in '/home/jetson/ros_ws/src/orin_car/build/orin_car' returned '0': CMAKE_PREFIX_PATH=${CMAKE_PREFIX_PATH}:/opt/ros/humble /usr/bin/cmake --build /home/jetson/ros_ws/src/orin_car/build/orin_car -- -j6 -l6
[5.201s] Invoking command in '/home/jetson/ros_ws/src/orin_car/build/orin_car': CMAKE_PREFIX_PATH=${CMAKE_PREFIX_PATH}:/opt/ros/humble /usr/bin/cmake --install /home/jetson/ros_ws/src/orin_car/build/orin_car
[5.225s] -- Install configuration: ""
[5.226s] -- Execute custom install script
[5.227s] -- Symlinking: /home/jetson/ros_ws/src/orin_car/install/orin_car/lib/orin_car/mqtt_total_control_test.py
[5.249s] -- Symlinking: /home/jetson/ros_ws/src/orin_car/install/orin_car/lib/orin_car/docking_controller_test.py
[5.270s] -- Symlinking: /home/jetson/ros_ws/src/orin_car/install/orin_car/lib/orin_car/docking_controller_test_v2.py
[5.290s] -- Symlinking: /home/jetson/ros_ws/src/orin_car/install/orin_car/lib/orin_car/marshaller_controller_test.py
[5.311s] -- Symlinking: /home/jetson/ros_ws/src/orin_car/install/orin_car/lib/orin_car/driving_controller_test.py
[5.333s] -- Symlinking: /home/jetson/ros_ws/src/orin_car/install/orin_car/lib/orin_car/ackermann_driver_test.py
[5.353s] -- Symlinking: /home/jetson/ros_ws/src/orin_car/install/orin_car/lib/orin_car/docking_ai_test.py
[5.374s] -- Symlinking: /home/jetson/ros_ws/src/orin_car/install/orin_car/lib/orin_car/docking_ai_test_v2.py
[5.394s] -- Symlinking: /home/jetson/ros_ws/src/orin_car/install/orin_car/lib/orin_car/gesture_ai_test.py
[5.420s] -- Symlinking: /home/jetson/ros_ws/src/orin_car/install/orin_car/lib/orin_car/generate_nav2_json.py
[5.445s] -- Symlinking: /home/jetson/ros_ws/src/orin_car/install/orin_car/lib/orin_car/test_gripper.py
[5.465s] -- Symlinking: /home/jetson/ros_ws/src/orin_car/install/orin_car/lib/orin_car/motor_test.py
[5.493s] -- Symlinking: /home/jetson/ros_ws/src/orin_car/install/orin_car/share/orin_car/launch/nav.launch.py
[5.518s] -- Symlinking: /home/jetson/ros_ws/src/orin_car/install/orin_car/share/orin_car/launch/test_docking.launch.py
[5.538s] -- Symlinking: /home/jetson/ros_ws/src/orin_car/install/orin_car/share/orin_car/launch/total_test.launch.py
[5.560s] -- Symlinking: /home/jetson/ros_ws/src/orin_car/install/orin_car/share/orin_car/config/=0.1.71
[5.581s] -- Symlinking: /home/jetson/ros_ws/src/orin_car/install/orin_car/share/orin_car/config/=1.12.0
[5.602s] -- Symlinking: /home/jetson/ros_ws/src/orin_car/install/orin_car/share/orin_car/config/X4-Pro.yaml
[5.622s] -- Symlinking: /home/jetson/ros_ws/src/orin_car/install/orin_car/share/orin_car/config/nav2_params.yaml
[5.642s] -- Symlinking: /home/jetson/ros_ws/src/orin_car/install/orin_car/share/orin_car/config/nav2_params2.yaml
[5.661s] -- Symlinking: /home/jetson/ros_ws/src/orin_car/install/orin_car/share/orin_car/config/slam_params.yaml
[5.681s] -- Symlinking: /home/jetson/ros_ws/src/orin_car/install/orin_car/share/orin_car/config/yolov8n-pose.engine
[5.701s] -- Symlinking: /home/jetson/ros_ws/src/orin_car/install/orin_car/share/orin_car/config/yolov8n-pose.onnx
[5.720s] -- Symlinking: /home/jetson/ros_ws/src/orin_car/install/orin_car/share/orin_car/config/yolov8n-pose.pt
[5.740s] -- Symlinking: /home/jetson/ros_ws/src/orin_car/install/orin_car/share/orin_car/urdf/ackermann_car.urdf.xacro
[5.768s] -- Symlinking: /home/jetson/ros_ws/src/orin_car/install/orin_car/share/orin_car/environment/pythonpath.sh
[5.788s] -- Symlinking: /home/jetson/ros_ws/src/orin_car/install/orin_car/share/orin_car/environment/pythonpath.dsv
[5.810s] -- Symlinking: /home/jetson/ros_ws/src/orin_car/install/orin_car/local/lib/python3.10/dist-packages/orin_car-0.0.1-py3.10.egg-info/PKG-INFO
[5.837s] -- Symlinking: /home/jetson/ros_ws/src/orin_car/install/orin_car/local/lib/python3.10/dist-packages/orin_car-0.0.1-py3.10.egg-info/SOURCES.txt
[5.861s] -- Symlinking: /home/jetson/ros_ws/src/orin_car/install/orin_car/local/lib/python3.10/dist-packages/orin_car-0.0.1-py3.10.egg-info/dependency_links.txt
[5.888s] -- Symlinking: /home/jetson/ros_ws/src/orin_car/install/orin_car/local/lib/python3.10/dist-packages/orin_car-0.0.1-py3.10.egg-info/top_level.txt
[5.908s] -- Symlinking: /home/jetson/ros_ws/src/orin_car/install/orin_car/local/lib/python3.10/dist-packages/orin_car/__init__.py
[5.928s] -- Symlinking: /home/jetson/ros_ws/src/orin_car/install/orin_car/local/lib/python3.10/dist-packages/orin_car/videos/__init__.py
[5.950s] -- Symlinking: /home/jetson/ros_ws/src/orin_car/install/orin_car/local/lib/python3.10/dist-packages/orin_car/videos/camera_manager.py
[5.971s] -- Symlinking: /home/jetson/ros_ws/src/orin_car/install/orin_car/local/lib/python3.10/dist-packages/orin_car/videos/webrtc_sharedcam.py
[5.999s] -- Symlinking: /home/jetson/ros_ws/src/orin_car/install/orin_car/share/ament_index/resource_index/package_run_dependencies/orin_car
[6.026s] -- Symlinking: /home/jetson/ros_ws/src/orin_car/install/orin_car/share/ament_index/resource_index/parent_prefix_path/orin_car
[6.046s] -- Symlinking: /home/jetson/ros_ws/src/orin_car/install/orin_car/share/orin_car/environment/ament_prefix_path.sh
[6.064s] -- Symlinking: /home/jetson/ros_ws/src/orin_car/install/orin_car/share/orin_car/environment/ament_prefix_path.dsv
[6.085s] -- Symlinking: /home/jetson/ros_ws/src/orin_car/install/orin_car/share/orin_car/environment/path.sh
[6.107s] -- Symlinking: /home/jetson/ros_ws/src/orin_car/install/orin_car/share/orin_car/environment/path.dsv
[6.130s] -- Symlinking: /home/jetson/ros_ws/src/orin_car/install/orin_car/share/orin_car/local_setup.bash
[6.150s] -- Symlinking: /home/jetson/ros_ws/src/orin_car/install/orin_car/share/orin_car/local_setup.sh
[6.171s] -- Symlinking: /home/jetson/ros_ws/src/orin_car/install/orin_car/share/orin_car/local_setup.zsh
[6.191s] -- Symlinking: /home/jetson/ros_ws/src/orin_car/install/orin_car/share/orin_car/local_setup.dsv
[6.212s] -- Symlinking: /home/jetson/ros_ws/src/orin_car/install/orin_car/share/orin_car/package.dsv
[6.233s] -- Symlinking: /home/jetson/ros_ws/src/orin_car/install/orin_car/share/ament_index/resource_index/packages/orin_car
[6.254s] -- Symlinking: /home/jetson/ros_ws/src/orin_car/install/orin_car/share/orin_car/cmake/orin_carConfig.cmake
[6.275s] -- Symlinking: /home/jetson/ros_ws/src/orin_car/install/orin_car/share/orin_car/cmake/orin_carConfig-version.cmake
[6.301s] -- Symlinking: /home/jetson/ros_ws/src/orin_car/install/orin_car/share/orin_car/package.xml
[6.321s] -- Installing: /home/jetson/ros_ws/src/orin_car/install/orin_car/lib/orin_car/video_stack
[6.396s] Listing '/home/jetson/ros_ws/src/orin_car/install/orin_car/local/lib/python3.10/dist-packages/orin_car'...
[6.396s] Compiling '/home/jetson/ros_ws/src/orin_car/install/orin_car/local/lib/python3.10/dist-packages/orin_car/__init__.py'...
[6.396s] Listing '/home/jetson/ros_ws/src/orin_car/install/orin_car/local/lib/python3.10/dist-packages/orin_car/videos'...
[6.396s] Compiling '/home/jetson/ros_ws/src/orin_car/install/orin_car/local/lib/python3.10/dist-packages/orin_car/videos/__init__.py'...
[6.396s] Compiling '/home/jetson/ros_ws/src/orin_car/install/orin_car/local/lib/python3.10/dist-packages/orin_car/videos/camera_manager.py'...
[6.396s] Compiling '/home/jetson/ros_ws/src/orin_car/install/orin_car/local/lib/python3.10/dist-packages/orin_car/videos/webrtc_sharedcam.py'...
[6.412s] Invoked command in '/home/jetson/ros_ws/src/orin_car/build/orin_car' returned '0': CMAKE_PREFIX_PATH=${CMAKE_PREFIX_PATH}:/opt/ros/humble /usr/bin/cmake --install /home/jetson/ros_ws/src/orin_car/build/orin_car
